<?xml version="1.0" encoding="UTF-8"?>
<!-- Generated by org.testng.reporters.JUnitReportReporter -->
<testsuite hostname="MacBook-Pro-Irina.local" name="tests.RegisterTest" tests="1" failures="0" timestamp="20 Sep 2016 15:16:16 GMT" time="12.332" errors="0">
  <testcase name="register" time="12.332" classname="tests.RegisterTest"/>
</testsuite> <!-- tests.RegisterTest -->
