<?xml version="1.0" encoding="UTF-8"?>
<!-- Generated by org.testng.reporters.JUnitReportReporter -->
<testsuite hostname="MacBook-Pro-Irina.local" name="tests.ContactUsFormTest" tests="2" failures="0" timestamp="20 Sep 2016 15:16:16 GMT" time="19.062" errors="0">
  <testcase name="sendEmptyMassage" time="9.740" classname="tests.ContactUsFormTest"/>
  <testcase name="sendMessage" time="9.322" classname="tests.ContactUsFormTest"/>
</testsuite> <!-- tests.ContactUsFormTest -->
