<?xml version="1.0" encoding="UTF-8"?>
<!-- Generated by org.testng.reporters.JUnitReportReporter -->
<testsuite hostname="MacBook-Pro-Irina.local" name="tests.CartTest" tests="1" failures="0" timestamp="20 Sep 2016 15:16:16 GMT" time="15.047" errors="0">
  <testcase name="addAndDeleteItemsFromCart" time="15.047" classname="tests.CartTest"/>
</testsuite> <!-- tests.CartTest -->
