<?xml version="1.0" encoding="UTF-8"?>
<!-- Generated by org.testng.reporters.JUnitReportReporter -->
<testsuite hostname="MacBook-Pro-Irina.local" name="tests.SearchTest" tests="2" failures="0" timestamp="20 Sep 2016 15:16:16 GMT" time="15.611" errors="0">
  <testcase name="search" time="7.781" classname="tests.SearchTest"/>
  <testcase name="catalogSearch" time="7.830" classname="tests.SearchTest"/>
</testsuite> <!-- tests.SearchTest -->
